#
# There is insufficient memory for the Java Runtime Environment to continue.
# Native memory allocation (mmap) failed to map 132120576 bytes for Failed to commit area from 0x0000000082200000 to 0x000000008a000000 of length 132120576.
# Possible reasons:
#   The system is out of physical RAM or swap space
#   The process is running with CompressedOops enabled, and the Java Heap may be blocking the growth of the native heap
# Possible solutions:
#   Reduce memory load on the system
#   Increase physical memory or swap space
#   Check if swap backing store is full
#   Decrease Java heap size (-Xmx/-Xms)
#   Decrease number of Java threads
#   Decrease Java thread stack sizes (-Xss)
#   Set larger code cache with -XX:ReservedCodeCacheSize=
# This output file may be truncated or incomplete.
#
#  Out of Memory Error (t:/workspace/open/src/hotspot/os/windows/os_windows.cpp:3269), pid=19072, tid=10804
#
# JRE version:  (11.0.2+9) (build )
# Java VM: Java HotSpot(TM) 64-Bit Server VM (11.0.2+9-LTS, mixed mode, aot, sharing, tiered, compressed oops, g1 gc, windows-amd64)
# No core dump will be written. Minidumps are not enabled by default on client versions of Windows
#

---------------  S U M M A R Y ------------

Command Line: -Dfile.encoding=MS949 Assembler

Host: Intel(R) Core(TM) i3-8145U CPU @ 2.10GHz, 4 cores, 7G,  Windows 10 , 64 bit Build 19041 (10.0.19041.1023)
Time: Fri Jun 18 15:46:03 2021 대한민국 표준시 elapsed time: 0 seconds (0d 0h 0m 0s)

---------------  T H R E A D  ---------------

Current thread (0x000001c034591000):  JavaThread "Unknown thread" [_thread_in_vm, id=10804, stack(0x000000b5c8c00000,0x000000b5c8d00000)]

Stack: [0x000000b5c8c00000,0x000000b5c8d00000]
Native frames: (J=compiled Java code, j=interpreted, Vv=VM code, C=native code)
V  [jvm.dll+0x63574a]
V  [jvm.dll+0x77326f]
V  [jvm.dll+0x77491a]
V  [jvm.dll+0x774fd3]
V  [jvm.dll+0x25e418]
V  [jvm.dll+0x632c0a]
V  [jvm.dll+0x627645]
V  [jvm.dll+0x314e7c]
V  [jvm.dll+0x314d02]
V  [jvm.dll+0x31a576]
V  [jvm.dll+0x36635f]
V  [jvm.dll+0x365d80]
V  [jvm.dll+0x2f19f8]
V  [jvm.dll+0x2f2b56]
V  [jvm.dll+0x74c817]
V  [jvm.dll+0x74df5f]
V  [jvm.dll+0x373179]
V  [jvm.dll+0x732eb9]
V  [jvm.dll+0x3e295d]
V  [jvm.dll+0x3e4c61]
C  [javaw.exe+0x3617]
C  [javaw.exe+0x17e2c]
C  [KERNEL32.DLL+0x17034]
C  [ntdll.dll+0x52651]


---------------  P R O C E S S  ---------------

Threads class SMR info:
_java_thread_list=0x000001c032c71c10, length=0, elements={
}

Java Threads: ( => current thread )

Other Threads:
  0x000001c0345a8800 GCTaskThread "GC Thread#0" [stack: 0x000000b5c8d00000,0x000000b5c8e00000] [id=31704]
  0x000001c0345d9800 ConcurrentGCThread "G1 Main Marker" [stack: 0x000000b5c8e00000,0x000000b5c8f00000] [id=28464]
  0x000001c0345dd800 ConcurrentGCThread "G1 Conc#0" [stack: 0x000000b5c8f00000,0x000000b5c9000000] [id=26400]

[error occurred during error reporting (printing all threads), id 0xc0000005, EXCEPTION_ACCESS_VIOLATION (0xc0000005) at pc=0x00007ffabebd0197]

VM state:not at safepoint (not fully initialized)

VM Mutex/Monitor currently owned by a thread:  ([mutex/lock_event])
[0x000001c03458f2e0] Heap_lock - owner thread: 0x000001c034591000

Heap address: 0x0000000082200000, size: 2014 MB, Compressed Oops mode: Non-zero based: 0x0000000082200000
Narrow klass base: 0x0000000000000000, Narrow klass shift: 0

GC Heap History (0 events):
No events

Deoptimization events (0 events):
No events

Classes redefined (0 events):
No events

Internal exceptions (0 events):
No events

Events (0 events):
No events


Dynamic libraries:
0x00007ff6d4770000 - 0x00007ff6d47b7000 	C:\Program Files\Java\jdk-11.0.2\bin\javaw.exe
0x00007ffb1dc50000 - 0x00007ffb1de45000 	C:\WINDOWS\SYSTEM32\ntdll.dll
0x00007ffb1cf20000 - 0x00007ffb1cfdd000 	C:\WINDOWS\System32\KERNEL32.DLL
0x00007ffb1b700000 - 0x00007ffb1b9c8000 	C:\WINDOWS\System32\KERNELBASE.dll
0x00007ffb1c1b0000 - 0x00007ffb1c25c000 	C:\WINDOWS\System32\ADVAPI32.dll
0x00007ffb1d1e0000 - 0x00007ffb1d27e000 	C:\WINDOWS\System32\msvcrt.dll
0x00007ffb1d720000 - 0x00007ffb1d7bb000 	C:\WINDOWS\System32\sechost.dll
0x00007ffb1d850000 - 0x00007ffb1d97b000 	C:\WINDOWS\System32\RPCRT4.dll
0x00007ffb1cfe0000 - 0x00007ffb1d180000 	C:\WINDOWS\System32\USER32.dll
0x00007ffb1b640000 - 0x00007ffb1b662000 	C:\WINDOWS\System32\win32u.dll
0x00007ffb1cde0000 - 0x00007ffb1ce0a000 	C:\WINDOWS\System32\GDI32.dll
0x00007ffb1bbb0000 - 0x00007ffb1bcbb000 	C:\WINDOWS\System32\gdi32full.dll
0x00007ffb1bb10000 - 0x00007ffb1bbad000 	C:\WINDOWS\System32\msvcp_win.dll
0x00007ffb1b390000 - 0x00007ffb1b490000 	C:\WINDOWS\System32\ucrtbase.dll
0x00007ffb106c0000 - 0x00007ffb1095a000 	C:\WINDOWS\WinSxS\amd64_microsoft.windows.common-controls_6595b64144ccf1df_6.0.19041.1052_none_60b8f8fd71f5e8cb\COMCTL32.dll
0x00007ffb09bf0000 - 0x00007ffb09bfa000 	C:\WINDOWS\SYSTEM32\VERSION.dll
0x00007ffb1cef0000 - 0x00007ffb1cf20000 	C:\WINDOWS\System32\IMM32.DLL
0x00007ffb03c10000 - 0x00007ffb03c26000 	C:\Program Files\Java\jdk-11.0.2\bin\vcruntime140.dll
0x00007ffafb320000 - 0x00007ffafb3ca000 	C:\Program Files\Java\jdk-11.0.2\bin\msvcp140.dll
0x00007ffabe8d0000 - 0x00007ffabf3f7000 	C:\Program Files\Java\jdk-11.0.2\bin\server\jvm.dll
0x00007ffb1d3b0000 - 0x00007ffb1d3b8000 	C:\WINDOWS\System32\PSAPI.DLL
0x00007ffb077b0000 - 0x00007ffb077d7000 	C:\WINDOWS\SYSTEM32\WINMM.dll
0x00007ffafe0c0000 - 0x00007ffafe0c9000 	C:\WINDOWS\SYSTEM32\WSOCK32.dll
0x00007ffb1ce80000 - 0x00007ffb1ceeb000 	C:\WINDOWS\System32\WS2_32.dll
0x00007ffb192c0000 - 0x00007ffb192d2000 	C:\WINDOWS\SYSTEM32\kernel.appcore.dll
0x00007ffb03420000 - 0x00007ffb03431000 	C:\Program Files\Java\jdk-11.0.2\bin\verify.dll
0x00007ffb18b10000 - 0x00007ffb18cf4000 	C:\WINDOWS\SYSTEM32\DBGHELP.DLL
0x00007ffb09c70000 - 0x00007ffb09c9c000 	C:\WINDOWS\SYSTEM32\dbgcore.DLL
0x00007ffb1b670000 - 0x00007ffb1b6f3000 	C:\WINDOWS\System32\bcryptPrimitives.dll
0x00007ffb02100000 - 0x00007ffb02129000 	C:\Program Files\Java\jdk-11.0.2\bin\java.dll
0x00007ffb02e00000 - 0x00007ffb02e16000 	C:\Program Files\Java\jdk-11.0.2\bin\zip.dll
0x00007ffb10bb0000 - 0x00007ffb10bba000 	C:\Program Files\Java\jdk-11.0.2\bin\jimage.dll

dbghelp: loaded successfully - version: 4.0.5 - missing functions: none
symbol engine: initialized successfully - sym options: 0x614 - pdb path: .;C:\Program Files\Java\jdk-11.0.2\bin;C:\WINDOWS\SYSTEM32;C:\WINDOWS\WinSxS\amd64_microsoft.windows.common-controls_6595b64144ccf1df_6.0.19041.1052_none_60b8f8fd71f5e8cb;C:\Program Files\Java\jdk-11.0.2\bin\server

VM Arguments:
jvm_args: -Dfile.encoding=MS949 
java_command: Assembler
java_class_path (initial): C:\Users\hgh11\eclipse-workspace\fc_java\SP21_PRO1b\Project1b\bin
Launcher Type: SUN_STANDARD

[Global flags]
     intx CICompilerCount                          = 3                                         {product} {ergonomic}
     uint ConcGCThreads                            = 1                                         {product} {ergonomic}
     uint G1ConcRefinementThreads                  = 4                                         {product} {ergonomic}
   size_t G1HeapRegionSize                         = 1048576                                   {product} {ergonomic}
    uintx GCDrainStackTargetSize                   = 64                                        {product} {ergonomic}
   size_t InitialHeapSize                          = 132120576                                 {product} {ergonomic}
   size_t MarkStackSize                            = 4194304                                   {product} {ergonomic}
   size_t MaxHeapSize                              = 2111832064                                {product} {ergonomic}
   size_t MinHeapDeltaBytes                        = 1048576                                   {product} {ergonomic}
    uintx NonNMethodCodeHeapSize                   = 5830092                                {pd product} {ergonomic}
    uintx NonProfiledCodeHeapSize                  = 122914074                              {pd product} {ergonomic}
    uintx ProfiledCodeHeapSize                     = 122914074                              {pd product} {ergonomic}
    uintx ReservedCodeCacheSize                    = 251658240                              {pd product} {ergonomic}
     bool SegmentedCodeCache                       = true                                      {product} {ergonomic}
     bool UseCompressedClassPointers               = true                                 {lp64_product} {ergonomic}
     bool UseCompressedOops                        = true                                 {lp64_product} {ergonomic}
     bool UseG1GC                                  = true                                      {product} {ergonomic}
     bool UseLargePagesIndividualAllocation        = false                                  {pd product} {ergonomic}

Logging:
Log output configuration:
 #0: stdout all=warning uptime,level,tags
 #1: stderr all=off uptime,level,tags

Environment Variables:
JAVA_HOME=C:\Program Files\Java\jdk-12
PATH=C:/Program Files/Java/jdk-11.0.2/bin/server;C:/Program Files/Java/jdk-11.0.2/bin;C:\Program Files\Java\jdk-12\bin;C:\Program Files (x86)\Intel\Intel(R) Management Engine Components\iCLS\;C:\Program Files\Intel\Intel(R) Management Engine Components\iCLS\;C:\WINDOWS\system32;C:\WINDOWS;C:\WINDOWS\System32\Wbem;C:\WINDOWS\System32\WindowsPowerShell\v1.0\;C:\WINDOWS\System32\OpenSSH\;C:\Program Files\Intel\WiFi\bin\;C:\Program Files\Common Files\Intel\WirelessCommon\;C:\Program Files (x86)\Intel\Intel(R) Management Engine Components\DAL;C:\Program Files\Intel\Intel(R) Management Engine Components\DAL;C:\Users\hgh11\AppData\Local\Programs\Python\Python37\Scripts\;C:\Users\hgh11\AppData\Local\Programs\Python\Python37\;C:\Users\hgh11\AppData\Local\Microsoft\WindowsApps;C:\opencv\build\x64\vc14\bin;C:\Program Files\JetBrains\PyCharm Community Edition 2019.1.3\bin;;;C:\intelFPGA\18.1\modelsim_ase\win32aloem;C:\intelFPGA_lite\18.1\modelsim_ase\win32aloem;C:\WINDOWS\System32;
USERNAME=hgh11
OS=Windows_NT
PROCESSOR_IDENTIFIER=Intel64 Family 6 Model 142 Stepping 11, GenuineIntel



---------------  S Y S T E M  ---------------

OS: Windows 10 , 64 bit Build 19041 (10.0.19041.1023)

CPU:total 4 (initial active 4) (2 cores per cpu, 2 threads per core) family 6 model 142 stepping 11, cmov, cx8, fxsr, mmx, sse, sse2, sse3, ssse3, sse4.1, sse4.2, popcnt, avx, avx2, aes, clmul, erms, 3dnowpref, lzcnt, ht, tsc, tscinvbit, bmi1, bmi2, adx, fma

Memory: 4k page, system-wide physical 8049M (1798M free)
TotalPageFile size 32625M (AvailPageFile size 94M)
current process WorkingSet (physical memory assigned to process): 9M, peak: 9M
current process commit charge ("private bytes"): 51M, peak: 177M

vm_info: Java HotSpot(TM) 64-Bit Server VM (11.0.2+9-LTS) for windows-amd64 JRE (11.0.2+9-LTS), built on Jan 18 2019 05:24:10 by "mach5one" with MS VC++ 15.5 (VS2017)

END.
